<?xml version="1.0" encoding="UTF-8"?><testsuite errors="0" failures="1" name="ssvv.features.select.SelectLanguageUbbCluj" skipped="0" tests="1" time="13.56" timestamp="2022-05-05 02:42:11"><testcase classname="ssvv.features.select.SelectLanguageUbbCluj" name="Select change language should display the corresponding title in ro"><failure message="&#10;Expected: a string containing &quot;Matematică și Informatică – între Eternitate și Efervescență&quot;&#10;     but: was &quot;Mathematics and Computer Science – between Eternity and Effervescence&quot;" type="java.lang.AssertionError">
Expected: a string containing "Matematică și Informatică – între Eternitate și Efervescență"
     but: was "Mathematics and Computer Science – between Eternity and Effervescence"</failure><system-err>
Expected: a string containing "Matematică și Informatică – între Eternitate și Efervescență"
     but: was "Mathematics and Computer Science – between Eternity and Effervescence"&#13;
ssvv.steps.serenity.EndUserStepsUbbCluj.shouldSeeMainPageTitle(EndUserStepsUbbCluj.java:32)&#13;
ssvv.features.select.SelectLanguageUbbCluj.select_change_language__should_display_the_corresponding_title_in_ro(SelectLanguageUbbCluj.java:34)&#13;
</system-err></testcase></testsuite>