<?xml version="1.0" encoding="UTF-8"?><testsuite errors="0" failures="0" name="ssvv.features.search.SearchByKeywordUbbCluj" skipped="1" tests="2" time="10.65" timestamp="2022-05-05 01:55:17"><testcase classname="ssvv.features.search.SearchByKeywordUbbCluj" name="Searching by keyword orar should display the corresponding article"/><testcase classname="ssvv.features.search.SearchByKeywordUbbCluj" name="Searching by ambiguious keyword should display the disambiguation page"><skipped/></testcase></testsuite>