<?xml version="1.0" encoding="UTF-8"?><testsuite errors="0" failures="0" name="ssvv.features.search.SearchByKeywordUbbCluj" skipped="1" tests="2" time="10.18" timestamp="2022-05-05 01:51:33"><testcase classname="ssvv.features.search.SearchByKeywordUbbCluj" name="Searching by keyword a should display the corresponding title"/><testcase classname="ssvv.features.search.SearchByKeywordUbbCluj" name="Searching by ambiguious keyword should display the disambiguation page"><skipped/></testcase></testsuite>