<?xml version="1.0" encoding="UTF-8"?><testsuite errors="1" failures="0" name="ssvv.features.search.SearchByKeywordUbbCluj" skipped="1" tests="2" time="31.57" timestamp="2022-05-05 02:05:35"><testcase classname="ssvv.features.search.SearchByKeywordUbbCluj" name="Searching by ambiguious keyword should display the disambiguation page"><skipped/></testcase><testcase classname="ssvv.features.search.SearchByKeywordUbbCluj" name="Searching by keyword invalid input too long should fail"><error message="no such element: Unable to locate element: {&quot;method&quot;:&quot;css selector&quot;,&quot;selector&quot;:&quot;.title&quot;}&#10;  (Session info: chrome=101.0.4951.54)&#10;For documentation on this error, please visit: https://www.seleniumhq.org/exceptions/no_such_element.html&#10;Build info: version: '3.141.59', revision: 'e82be7d358', time: '2018-11-14T08:17:03'&#10;System info: host: 'DESKTOP-5K2EO8O', ip: '192.168.159.1', os.name: 'Windows 10', os.arch: 'amd64', os.version: '10.0', java.version: '15'&#10;Driver info: org.openqa.selenium.chrome.ChromeDriver&#10;Capabilities {acceptInsecureCerts: false, browserName: chrome, browserVersion: 101.0.4951.54, chrome: {chromedriverVersion: 101.0.4951.41 (93c720db8323..., userDataDir: C:\Users\Tudor\AppData\Loca...}, goog:chromeOptions: {debuggerAddress: localhost:52155}, javascriptEnabled: true, networkConnectionEnabled: false, pageLoadStrategy: normal, platform: WINDOWS, platformName: WINDOWS, proxy: Proxy(), setWindowRect: true, strictFileInteractability: false, timeouts: {implicit: 0, pageLoad: 300000, script: 30000}, unhandledPromptBehavior: dismiss and notify, webauthn:extension:credBlob: true, webauthn:extension:largeBlob: true, webauthn:virtualAuthenticators: true}&#10;Session ID: 3b0cc790c23c6579a7653c838d9d6d6c&#10;*** Element info: {Using=class name, value=title}" type="org.openqa.selenium.NoSuchElementException">no such element: Unable to locate element: {"method":"css selector","selector":".title"}
  (Session info: chrome=101.0.4951.54)
For documentation on this error, please visit: https://www.seleniumhq.org/exceptions/no_such_element.html
Build info: version: '3.141.59', revision: 'e82be7d358', time: '2018-11-14T08:17:03'
System info: host: 'DESKTOP-5K2EO8O', ip: '192.168.159.1', os.name: 'Windows 10', os.arch: 'amd64', os.version: '10.0', java.version: '15'
Driver info: org.openqa.selenium.chrome.ChromeDriver
Capabilities {acceptInsecureCerts: false, browserName: chrome, browserVersion: 101.0.4951.54, chrome: {chromedriverVersion: 101.0.4951.41 (93c720db8323..., userDataDir: C:\Users\Tudor\AppData\Loca...}, goog:chromeOptions: {debuggerAddress: localhost:52155}, javascriptEnabled: true, networkConnectionEnabled: false, pageLoadStrategy: normal, platform: WINDOWS, platformName: WINDOWS, proxy: Proxy(), setWindowRect: true, strictFileInteractability: false, timeouts: {implicit: 0, pageLoad: 300000, script: 30000}, unhandledPromptBehavior: dismiss and notify, webauthn:extension:credBlob: true, webauthn:extension:largeBlob: true, webauthn:virtualAuthenticators: true}
Session ID: 3b0cc790c23c6579a7653c838d9d6d6c
*** Element info: {Using=class name, value=title}</error><system-err>no such element: Unable to locate element: {"method":"css selector","selector":".title"}
  (Session info: chrome=101.0.4951.54)
For documentation on this error, please visit: https://www.seleniumhq.org/exceptions/no_such_element.html
Build info: version: '3.141.59', revision: 'e82be7d358', time: '2018-11-14T08:17:03'
System info: host: 'DESKTOP-5K2EO8O', ip: '192.168.159.1', os.name: 'Windows 10', os.arch: 'amd64', os.version: '10.0', java.version: '15'
Driver info: org.openqa.selenium.chrome.ChromeDriver
Capabilities {acceptInsecureCerts: false, browserName: chrome, browserVersion: 101.0.4951.54, chrome: {chromedriverVersion: 101.0.4951.41 (93c720db8323..., userDataDir: C:\Users\Tudor\AppData\Loca...}, goog:chromeOptions: {debuggerAddress: localhost:52155}, javascriptEnabled: true, networkConnectionEnabled: false, pageLoadStrategy: normal, platform: WINDOWS, platformName: WINDOWS, proxy: Proxy(), setWindowRect: true, strictFileInteractability: false, timeouts: {implicit: 0, pageLoad: 300000, script: 30000}, unhandledPromptBehavior: dismiss and notify, webauthn:extension:credBlob: true, webauthn:extension:largeBlob: true, webauthn:virtualAuthenticators: true}
Session ID: 3b0cc790c23c6579a7653c838d9d6d6c
*** Element info: {Using=class name, value=title}&#13;
ssvv.pages.UbbClujPage.getResultingTitles(UbbClujPage.java:24)&#13;
ssvv.steps.serenity.EndUserStepsUbbCluj.should_see_definition(EndUserStepsUbbCluj.java:22)&#13;
ssvv.features.search.SearchByKeywordUbbCluj.searching_by_keyword__invalidInputTooLong__should_fail(SearchByKeywordUbbCluj.java:46)&#13;
</system-err></testcase></testsuite>